<?xml version="1.0" encoding="UTF-8"?>
<!-- Generated by org.testng.reporters.JUnitXMLReporter -->
<testsuite ignored="0" hostname="GOWTHAM" failures="0" tests="2" name="EdgeTest" time="0.018" errors="0" timestamp="2025-01-24T14:55:12 IST">
  <testcase classname="testCases.TC002_Login_Test" name="Login_test" time="0.0">
    <skipped/>
  </testcase> <!-- Login_test -->
  <testcase classname="testCases.TC002_Login_Test" name="Verifying_PageTitle_test" time="0.0">
    <skipped/>
  </testcase> <!-- Verifying_PageTitle_test -->
</testsuite> <!-- EdgeTest -->
