<?xml version="1.0" encoding="UTF-8"?>
<!-- Generated by org.testng.reporters.JUnitXMLReporter -->
<testsuite ignored="0" hostname="GOWTHAM" failures="0" tests="7" name="Linux-firefoxTest" time="78.243" errors="0" timestamp="2025-01-22T11:31:40 IST">
  <testcase classname="testCases.TC001_AccountRegTest" name="Account_reg" time="7.958"/>
  <testcase classname="testCases.TC002_Login_Test" name="Login_test" time="5.985"/>
  <testcase classname="testCases.TC002_Login_Test" name="Verifying_PageTitle_test" time="0.509"/>
  <testcase classname="testCases.TC004_Search_Products_Test" name="SearchTest" time="2.352"/>
  <testcase classname="testCases.TC005_Add_to_Cart_Test" name="Add_to_Cart" time="2.578"/>
  <testcase classname="testCases.TC006_Checkout_Test" name="Add_to_Cart_and_Checkout" time="5.676"/>
  <testcase classname="testCases.TC007_Modifying_Cart_Test" name="Modifying_Cart_Test" time="7.078"/>
</testsuite> <!-- Linux-firefoxTest -->
