<?xml version="1.0" encoding="UTF-8"?>
<!-- Generated by org.testng.reporters.JUnitXMLReporter -->
<testsuite ignored="0" hostname="GOWTHAM" failures="0" tests="4" name="Linux-firefoxTest" time="43.454" errors="0" timestamp="2025-01-19T13:56:34 IST">
  <testcase classname="testCases.TC001_AccountRegTest" name="Account_reg" time="8.441"/>
  <testcase classname="testCases.TC002_Login_Test" name="Login_test" time="7.538"/>
  <testcase classname="testCases.TC002_Login_Test" name="Verifying_PageTitle_test" time="0.856"/>
  <testcase classname="testCases.TC004_Search_Products_Test" name="SearchTest" time="2.984"/>
</testsuite> <!-- Linux-firefoxTest -->
