<?xml version="1.0" encoding="UTF-8"?>
<!-- Generated by org.testng.reporters.JUnitXMLReporter -->
<testsuite ignored="0" hostname="GOWTHAM" failures="0" tests="4" name="Linux-ChromeTest" time="34.367" errors="0" timestamp="2025-01-18T13:31:45 IST">
  <testcase classname="testCases.TC001_AccountRegTest" name="Account_reg" time="8.224"/>
  <testcase classname="testCases.TC002_Login_Test" name="Login_test" time="6.608"/>
  <testcase classname="testCases.TC002_Login_Test" name="Verifying_PageTitle_test" time="0.511"/>
  <testcase classname="testCases.TC004_Search_Products_Test" name="SearchTest" time="2.597"/>
</testsuite> <!-- Linux-ChromeTest -->
