<?xml version="1.0" encoding="UTF-8"?>
<!-- Generated by org.testng.reporters.JUnitXMLReporter -->
<testsuite ignored="0" hostname="GOWTHAM" failures="0" tests="7" name="Test" time="27.428" errors="0" timestamp="2025-01-22T10:54:02 IST">
  <testcase classname="testCases.TC001_AccountRegTest" name="Account_reg" time="1.745"/>
  <testcase classname="testCases.TC002_Login_Test" name="Login_test" time="1.691"/>
  <testcase classname="testCases.TC002_Login_Test" name="Verifying_PageTitle_test" time="0.04"/>
  <testcase classname="testCases.TC004_Search_Products_Test" name="SearchTest" time="0.523"/>
  <testcase classname="testCases.TC005_Add_to_Cart_Test" name="Add_to_Cart" time="0.952"/>
  <testcase classname="testCases.TC006_Checkout_Test" name="Add_to_Cart_and_Checkout" time="2.898"/>
  <testcase classname="testCases.TC007_Modifying_Cart_Test" name="Modifying_Cart_Test" time="2.084"/>
</testsuite> <!-- Test -->
