<?xml version="1.0" encoding="UTF-8"?>
<!-- Generated by org.testng.reporters.JUnitXMLReporter -->
<testsuite ignored="0" hostname="GOWTHAM" failures="0" tests="7" name="Linux-firefoxTest" time="77.346" errors="0" timestamp="2025-01-22T11:38:38 IST">
  <testcase classname="testCases.TC001_AccountRegTest" name="Account_reg" time="7.71"/>
  <testcase classname="testCases.TC002_Login_Test" name="Login_test" time="5.908"/>
  <testcase classname="testCases.TC002_Login_Test" name="Verifying_PageTitle_test" time="0.493"/>
  <testcase classname="testCases.TC004_Search_Products_Test" name="SearchTest" time="2.756"/>
  <testcase classname="testCases.TC005_Add_to_Cart_Test" name="Add_to_Cart" time="3.279"/>
  <testcase classname="testCases.TC006_Checkout_Test" name="Add_to_Cart_and_Checkout" time="5.483"/>
  <testcase classname="testCases.TC007_Modifying_Cart_Test" name="Modifying_Cart_Test" time="6.519"/>
</testsuite> <!-- Linux-firefoxTest -->
