<?xml version="1.0" encoding="UTF-8"?>
<!-- Generated by org.testng.reporters.JUnitXMLReporter -->
<testsuite ignored="0" hostname="GOWTHAM" failures="0" tests="4" name="Test" time="11.125" errors="0" timestamp="2025-01-19T15:02:07 IST">
  <testcase classname="testCases.TC001_AccountRegTest" name="Account_reg" time="2.101"/>
  <testcase classname="testCases.TC002_Login_Test" name="Login_test" time="1.711"/>
  <testcase classname="testCases.TC002_Login_Test" name="Verifying_PageTitle_test" time="0.056"/>
  <testcase classname="testCases.TC004_Search_Products_Test" name="SearchTest" time="0.525"/>
</testsuite> <!-- Test -->
