<?xml version="1.0" encoding="UTF-8"?>
<testng-results ignored="0" total="4" passed="4" failed="0" skipped="0">
  <reporter-output>
  </reporter-output>
  <suite started-at="2025-01-19T15:01:55 IST" name="Suite" finished-at="2025-01-19T15:02:06 IST" duration-ms="11125">
    <groups>
      <group name="Master">
        <method signature="TC001_AccountRegTest.Account_reg()[pri:0, instance:testCases.TC001_AccountRegTest@25a6944c]" name="Account_reg" class="testCases.TC001_AccountRegTest"/>
        <method signature="TC002_Login_Test.Login_test()[pri:0, instance:testCases.TC002_Login_Test@71cf1b07]" name="Login_test" class="testCases.TC002_Login_Test"/>
        <method signature="TC002_Login_Test.Verifying_PageTitle_test()[pri:0, instance:testCases.TC002_Login_Test@71cf1b07]" name="Verifying_PageTitle_test" class="testCases.TC002_Login_Test"/>
        <method signature="TC004_Search_Products_Test.SearchTest()[pri:0, instance:testCases.TC004_Search_Products_Test@615091b8]" name="SearchTest" class="testCases.TC004_Search_Products_Test"/>
      </group> <!-- Master -->
      <group name="Sanity">
        <method signature="TC001_AccountRegTest.Account_reg()[pri:0, instance:testCases.TC001_AccountRegTest@25a6944c]" name="Account_reg" class="testCases.TC001_AccountRegTest"/>
        <method signature="TC002_Login_Test.Verifying_PageTitle_test()[pri:0, instance:testCases.TC002_Login_Test@71cf1b07]" name="Verifying_PageTitle_test" class="testCases.TC002_Login_Test"/>
        <method signature="TC004_Search_Products_Test.SearchTest()[pri:0, instance:testCases.TC004_Search_Products_Test@615091b8]" name="SearchTest" class="testCases.TC004_Search_Products_Test"/>
      </group> <!-- Sanity -->
      <group name="Regression">
        <method signature="TC002_Login_Test.Login_test()[pri:0, instance:testCases.TC002_Login_Test@71cf1b07]" name="Login_test" class="testCases.TC002_Login_Test"/>
      </group> <!-- Regression -->
    </groups>
    <test started-at="2025-01-19T15:01:55 IST" name="Test" finished-at="2025-01-19T15:02:06 IST" duration-ms="11125">
      <class name="testCases.TC004_Search_Products_Test">
        <test-method is-config="true" signature="SetUp(java.lang.String,java.lang.String)[pri:0, instance:testCases.TC004_Search_Products_Test@615091b8]" started-at="2025-01-19T15:02:04 IST" name="SetUp" finished-at="2025-01-19T15:02:06 IST" duration-ms="1789" status="PASS">
          <params>
            <param index="0">
              <value>
                <![CDATA[windows]]>
              </value>
            </param>
            <param index="1">
              <value>
                <![CDATA[chrome]]>
              </value>
            </param>
          </params>
          <reporter-output>
          </reporter-output>
        </test-method> <!-- SetUp -->
        <test-method signature="SearchTest()[pri:0, instance:testCases.TC004_Search_Products_Test@615091b8]" started-at="2025-01-19T15:02:06 IST" name="SearchTest" finished-at="2025-01-19T15:02:06 IST" duration-ms="525" status="PASS">
          <reporter-output>
          </reporter-output>
        </test-method> <!-- SearchTest -->
        <test-method is-config="true" signature="TearDown()[pri:0, instance:testCases.TC004_Search_Products_Test@615091b8]" started-at="2025-01-19T15:02:06 IST" name="TearDown" finished-at="2025-01-19T15:02:06 IST" duration-ms="218" status="PASS">
          <reporter-output>
          </reporter-output>
        </test-method> <!-- TearDown -->
      </class> <!-- testCases.TC004_Search_Products_Test -->
      <class name="testCases.TC001_AccountRegTest">
        <test-method is-config="true" signature="SetUp(java.lang.String,java.lang.String)[pri:0, instance:testCases.TC001_AccountRegTest@25a6944c]" started-at="2025-01-19T15:01:55 IST" name="SetUp" finished-at="2025-01-19T15:01:58 IST" duration-ms="2376" status="PASS">
          <params>
            <param index="0">
              <value>
                <![CDATA[windows]]>
              </value>
            </param>
            <param index="1">
              <value>
                <![CDATA[chrome]]>
              </value>
            </param>
          </params>
          <reporter-output>
          </reporter-output>
        </test-method> <!-- SetUp -->
        <test-method signature="Account_reg()[pri:0, instance:testCases.TC001_AccountRegTest@25a6944c]" started-at="2025-01-19T15:01:58 IST" name="Account_reg" finished-at="2025-01-19T15:02:00 IST" duration-ms="2101" status="PASS">
          <reporter-output>
          </reporter-output>
        </test-method> <!-- Account_reg -->
        <test-method is-config="true" signature="TearDown()[pri:0, instance:testCases.TC001_AccountRegTest@25a6944c]" started-at="2025-01-19T15:02:00 IST" name="TearDown" finished-at="2025-01-19T15:02:00 IST" duration-ms="156" status="PASS">
          <reporter-output>
          </reporter-output>
        </test-method> <!-- TearDown -->
      </class> <!-- testCases.TC001_AccountRegTest -->
      <class name="testCases.TC002_Login_Test">
        <test-method is-config="true" signature="SetUp(java.lang.String,java.lang.String)[pri:0, instance:testCases.TC002_Login_Test@71cf1b07]" started-at="2025-01-19T15:02:00 IST" name="SetUp" finished-at="2025-01-19T15:02:02 IST" duration-ms="1741" status="PASS">
          <params>
            <param index="0">
              <value>
                <![CDATA[windows]]>
              </value>
            </param>
            <param index="1">
              <value>
                <![CDATA[chrome]]>
              </value>
            </param>
          </params>
          <reporter-output>
          </reporter-output>
        </test-method> <!-- SetUp -->
        <test-method signature="Login_test()[pri:0, instance:testCases.TC002_Login_Test@71cf1b07]" started-at="2025-01-19T15:02:02 IST" name="Login_test" finished-at="2025-01-19T15:02:04 IST" duration-ms="1711" status="PASS">
          <reporter-output>
          </reporter-output>
        </test-method> <!-- Login_test -->
        <test-method signature="Verifying_PageTitle_test()[pri:0, instance:testCases.TC002_Login_Test@71cf1b07]" started-at="2025-01-19T15:02:04 IST" name="Verifying_PageTitle_test" finished-at="2025-01-19T15:02:04 IST" duration-ms="56" status="PASS">
          <reporter-output>
          </reporter-output>
        </test-method> <!-- Verifying_PageTitle_test -->
        <test-method is-config="true" signature="TearDown()[pri:0, instance:testCases.TC002_Login_Test@71cf1b07]" started-at="2025-01-19T15:02:04 IST" name="TearDown" finished-at="2025-01-19T15:02:04 IST" duration-ms="168" status="PASS">
          <reporter-output>
          </reporter-output>
        </test-method> <!-- TearDown -->
      </class> <!-- testCases.TC002_Login_Test -->
    </test> <!-- Test -->
  </suite> <!-- Suite -->
</testng-results>
