<?xml version="1.0" encoding="UTF-8"?>
<testng-results ignored="0" total="8" passed="8" failed="0" skipped="0">
  <reporter-output>
  </reporter-output>
  <suite started-at="2025-01-19T13:55:14 IST" name="Suite" finished-at="2025-01-19T13:56:33 IST" duration-ms="78964">
    <groups>
      <group name="Master">
        <method signature="TC001_AccountRegTest.Account_reg()[pri:0, instance:testCases.TC001_AccountRegTest@7e22550a]" name="Account_reg" class="testCases.TC001_AccountRegTest"/>
        <method signature="TC002_Login_Test.Login_test()[pri:0, instance:testCases.TC002_Login_Test@1021f6c9]" name="Login_test" class="testCases.TC002_Login_Test"/>
        <method signature="TC002_Login_Test.Verifying_PageTitle_test()[pri:0, instance:testCases.TC002_Login_Test@1021f6c9]" name="Verifying_PageTitle_test" class="testCases.TC002_Login_Test"/>
        <method signature="TC004_Search_Products_Test.SearchTest()[pri:0, instance:testCases.TC004_Search_Products_Test@7516e4e5]" name="SearchTest" class="testCases.TC004_Search_Products_Test"/>
        <method signature="TC001_AccountRegTest.Account_reg()[pri:0, instance:testCases.TC001_AccountRegTest@674658f7]" name="Account_reg" class="testCases.TC001_AccountRegTest"/>
        <method signature="TC002_Login_Test.Login_test()[pri:0, instance:testCases.TC002_Login_Test@5c8eee0f]" name="Login_test" class="testCases.TC002_Login_Test"/>
        <method signature="TC002_Login_Test.Verifying_PageTitle_test()[pri:0, instance:testCases.TC002_Login_Test@5c8eee0f]" name="Verifying_PageTitle_test" class="testCases.TC002_Login_Test"/>
        <method signature="TC004_Search_Products_Test.SearchTest()[pri:0, instance:testCases.TC004_Search_Products_Test@565b064f]" name="SearchTest" class="testCases.TC004_Search_Products_Test"/>
      </group> <!-- Master -->
      <group name="Sanity">
        <method signature="TC001_AccountRegTest.Account_reg()[pri:0, instance:testCases.TC001_AccountRegTest@7e22550a]" name="Account_reg" class="testCases.TC001_AccountRegTest"/>
        <method signature="TC002_Login_Test.Verifying_PageTitle_test()[pri:0, instance:testCases.TC002_Login_Test@1021f6c9]" name="Verifying_PageTitle_test" class="testCases.TC002_Login_Test"/>
        <method signature="TC004_Search_Products_Test.SearchTest()[pri:0, instance:testCases.TC004_Search_Products_Test@7516e4e5]" name="SearchTest" class="testCases.TC004_Search_Products_Test"/>
        <method signature="TC001_AccountRegTest.Account_reg()[pri:0, instance:testCases.TC001_AccountRegTest@674658f7]" name="Account_reg" class="testCases.TC001_AccountRegTest"/>
        <method signature="TC002_Login_Test.Verifying_PageTitle_test()[pri:0, instance:testCases.TC002_Login_Test@5c8eee0f]" name="Verifying_PageTitle_test" class="testCases.TC002_Login_Test"/>
        <method signature="TC004_Search_Products_Test.SearchTest()[pri:0, instance:testCases.TC004_Search_Products_Test@565b064f]" name="SearchTest" class="testCases.TC004_Search_Products_Test"/>
      </group> <!-- Sanity -->
      <group name="Regression">
        <method signature="TC002_Login_Test.Login_test()[pri:0, instance:testCases.TC002_Login_Test@1021f6c9]" name="Login_test" class="testCases.TC002_Login_Test"/>
        <method signature="TC002_Login_Test.Login_test()[pri:0, instance:testCases.TC002_Login_Test@5c8eee0f]" name="Login_test" class="testCases.TC002_Login_Test"/>
      </group> <!-- Regression -->
    </groups>
    <test started-at="2025-01-19T13:55:14 IST" name="Linux-ChromeTest" finished-at="2025-01-19T13:55:49 IST" duration-ms="34858">
      <class name="testCases.TC004_Search_Products_Test">
        <test-method is-config="true" signature="SetUp(java.lang.String,java.lang.String)[pri:0, instance:testCases.TC004_Search_Products_Test@7516e4e5]" started-at="2025-01-19T13:55:42 IST" name="SetUp" finished-at="2025-01-19T13:55:46 IST" duration-ms="4536" status="PASS">
          <params>
            <param index="0">
              <value>
                <![CDATA[Linux]]>
              </value>
            </param>
            <param index="1">
              <value>
                <![CDATA[chrome]]>
              </value>
            </param>
          </params>
          <reporter-output>
          </reporter-output>
        </test-method> <!-- SetUp -->
        <test-method signature="SearchTest()[pri:0, instance:testCases.TC004_Search_Products_Test@7516e4e5]" started-at="2025-01-19T13:55:46 IST" name="SearchTest" finished-at="2025-01-19T13:55:49 IST" duration-ms="2563" status="PASS">
          <reporter-output>
          </reporter-output>
        </test-method> <!-- SearchTest -->
        <test-method is-config="true" signature="TearDown()[pri:0, instance:testCases.TC004_Search_Products_Test@7516e4e5]" started-at="2025-01-19T13:55:49 IST" name="TearDown" finished-at="2025-01-19T13:55:49 IST" duration-ms="344" status="PASS">
          <reporter-output>
          </reporter-output>
        </test-method> <!-- TearDown -->
      </class> <!-- testCases.TC004_Search_Products_Test -->
      <class name="testCases.TC001_AccountRegTest">
        <test-method is-config="true" signature="SetUp(java.lang.String,java.lang.String)[pri:0, instance:testCases.TC001_AccountRegTest@7e22550a]" started-at="2025-01-19T13:55:14 IST" name="SetUp" finished-at="2025-01-19T13:55:20 IST" duration-ms="5384" status="PASS">
          <params>
            <param index="0">
              <value>
                <![CDATA[Linux]]>
              </value>
            </param>
            <param index="1">
              <value>
                <![CDATA[chrome]]>
              </value>
            </param>
          </params>
          <reporter-output>
          </reporter-output>
        </test-method> <!-- SetUp -->
        <test-method signature="Account_reg()[pri:0, instance:testCases.TC001_AccountRegTest@7e22550a]" started-at="2025-01-19T13:55:20 IST" name="Account_reg" finished-at="2025-01-19T13:55:29 IST" duration-ms="8944" status="PASS">
          <reporter-output>
          </reporter-output>
        </test-method> <!-- Account_reg -->
        <test-method is-config="true" signature="TearDown()[pri:0, instance:testCases.TC001_AccountRegTest@7e22550a]" started-at="2025-01-19T13:55:29 IST" name="TearDown" finished-at="2025-01-19T13:55:29 IST" duration-ms="336" status="PASS">
          <reporter-output>
          </reporter-output>
        </test-method> <!-- TearDown -->
      </class> <!-- testCases.TC001_AccountRegTest -->
      <class name="testCases.TC002_Login_Test">
        <test-method is-config="true" signature="SetUp(java.lang.String,java.lang.String)[pri:0, instance:testCases.TC002_Login_Test@1021f6c9]" started-at="2025-01-19T13:55:29 IST" name="SetUp" finished-at="2025-01-19T13:55:34 IST" duration-ms="4991" status="PASS">
          <params>
            <param index="0">
              <value>
                <![CDATA[Linux]]>
              </value>
            </param>
            <param index="1">
              <value>
                <![CDATA[chrome]]>
              </value>
            </param>
          </params>
          <reporter-output>
          </reporter-output>
        </test-method> <!-- SetUp -->
        <test-method signature="Login_test()[pri:0, instance:testCases.TC002_Login_Test@1021f6c9]" started-at="2025-01-19T13:55:34 IST" name="Login_test" finished-at="2025-01-19T13:55:41 IST" duration-ms="6552" status="PASS">
          <reporter-output>
          </reporter-output>
        </test-method> <!-- Login_test -->
        <test-method signature="Verifying_PageTitle_test()[pri:0, instance:testCases.TC002_Login_Test@1021f6c9]" started-at="2025-01-19T13:55:41 IST" name="Verifying_PageTitle_test" finished-at="2025-01-19T13:55:41 IST" duration-ms="568" status="PASS">
          <reporter-output>
          </reporter-output>
        </test-method> <!-- Verifying_PageTitle_test -->
        <test-method is-config="true" signature="TearDown()[pri:0, instance:testCases.TC002_Login_Test@1021f6c9]" started-at="2025-01-19T13:55:41 IST" name="TearDown" finished-at="2025-01-19T13:55:42 IST" duration-ms="351" status="PASS">
          <reporter-output>
          </reporter-output>
        </test-method> <!-- TearDown -->
      </class> <!-- testCases.TC002_Login_Test -->
    </test> <!-- Linux-ChromeTest -->
    <test started-at="2025-01-19T13:55:50 IST" name="Linux-firefoxTest" finished-at="2025-01-19T13:56:33 IST" duration-ms="43454">
      <class name="testCases.TC004_Search_Products_Test">
        <test-method is-config="true" signature="SetUp(java.lang.String,java.lang.String)[pri:0, instance:testCases.TC004_Search_Products_Test@565b064f]" started-at="2025-01-19T13:56:22 IST" name="SetUp" finished-at="2025-01-19T13:56:29 IST" duration-ms="7042" status="PASS">
          <params>
            <param index="0">
              <value>
                <![CDATA[Linux]]>
              </value>
            </param>
            <param index="1">
              <value>
                <![CDATA[firefox]]>
              </value>
            </param>
          </params>
          <reporter-output>
          </reporter-output>
        </test-method> <!-- SetUp -->
        <test-method signature="SearchTest()[pri:0, instance:testCases.TC004_Search_Products_Test@565b064f]" started-at="2025-01-19T13:56:29 IST" name="SearchTest" finished-at="2025-01-19T13:56:32 IST" duration-ms="2984" status="PASS">
          <reporter-output>
          </reporter-output>
        </test-method> <!-- SearchTest -->
        <test-method is-config="true" signature="TearDown()[pri:0, instance:testCases.TC004_Search_Products_Test@565b064f]" started-at="2025-01-19T13:56:32 IST" name="TearDown" finished-at="2025-01-19T13:56:33 IST" duration-ms="1066" status="PASS">
          <reporter-output>
          </reporter-output>
        </test-method> <!-- TearDown -->
      </class> <!-- testCases.TC004_Search_Products_Test -->
      <class name="testCases.TC001_AccountRegTest">
        <test-method is-config="true" signature="SetUp(java.lang.String,java.lang.String)[pri:0, instance:testCases.TC001_AccountRegTest@674658f7]" started-at="2025-01-19T13:55:50 IST" name="SetUp" finished-at="2025-01-19T13:55:56 IST" duration-ms="6673" status="PASS">
          <params>
            <param index="0">
              <value>
                <![CDATA[Linux]]>
              </value>
            </param>
            <param index="1">
              <value>
                <![CDATA[firefox]]>
              </value>
            </param>
          </params>
          <reporter-output>
          </reporter-output>
        </test-method> <!-- SetUp -->
        <test-method signature="Account_reg()[pri:0, instance:testCases.TC001_AccountRegTest@674658f7]" started-at="2025-01-19T13:55:56 IST" name="Account_reg" finished-at="2025-01-19T13:56:05 IST" duration-ms="8441" status="PASS">
          <reporter-output>
          </reporter-output>
        </test-method> <!-- Account_reg -->
        <test-method is-config="true" signature="TearDown()[pri:0, instance:testCases.TC001_AccountRegTest@674658f7]" started-at="2025-01-19T13:56:05 IST" name="TearDown" finished-at="2025-01-19T13:56:06 IST" duration-ms="1166" status="PASS">
          <reporter-output>
          </reporter-output>
        </test-method> <!-- TearDown -->
      </class> <!-- testCases.TC001_AccountRegTest -->
      <class name="testCases.TC002_Login_Test">
        <test-method is-config="true" signature="SetUp(java.lang.String,java.lang.String)[pri:0, instance:testCases.TC002_Login_Test@5c8eee0f]" started-at="2025-01-19T13:56:06 IST" name="SetUp" finished-at="2025-01-19T13:56:13 IST" duration-ms="6647" status="PASS">
          <params>
            <param index="0">
              <value>
                <![CDATA[Linux]]>
              </value>
            </param>
            <param index="1">
              <value>
                <![CDATA[firefox]]>
              </value>
            </param>
          </params>
          <reporter-output>
          </reporter-output>
        </test-method> <!-- SetUp -->
        <test-method signature="Login_test()[pri:0, instance:testCases.TC002_Login_Test@5c8eee0f]" started-at="2025-01-19T13:56:13 IST" name="Login_test" finished-at="2025-01-19T13:56:20 IST" duration-ms="7538" status="PASS">
          <reporter-output>
          </reporter-output>
        </test-method> <!-- Login_test -->
        <test-method signature="Verifying_PageTitle_test()[pri:0, instance:testCases.TC002_Login_Test@5c8eee0f]" started-at="2025-01-19T13:56:20 IST" name="Verifying_PageTitle_test" finished-at="2025-01-19T13:56:21 IST" duration-ms="856" status="PASS">
          <reporter-output>
          </reporter-output>
        </test-method> <!-- Verifying_PageTitle_test -->
        <test-method is-config="true" signature="TearDown()[pri:0, instance:testCases.TC002_Login_Test@5c8eee0f]" started-at="2025-01-19T13:56:21 IST" name="TearDown" finished-at="2025-01-19T13:56:22 IST" duration-ms="1016" status="PASS">
          <reporter-output>
          </reporter-output>
        </test-method> <!-- TearDown -->
      </class> <!-- testCases.TC002_Login_Test -->
    </test> <!-- Linux-firefoxTest -->
  </suite> <!-- Suite -->
</testng-results>
