<?xml version="1.0" encoding="UTF-8"?>
<testng-results ignored="0" total="17" passed="13" failed="4" skipped="0">
  <reporter-output>
  </reporter-output>
  <suite started-at="2025-01-22T12:00:14 IST" name="Suite" finished-at="2025-01-22T12:03:55 IST" duration-ms="220202">
    <groups>
      <group name="Master">
        <method signature="TC001_AccountRegTest.Account_reg()[pri:0, instance:testCases.TC001_AccountRegTest@53dacd14]" name="Account_reg" class="testCases.TC001_AccountRegTest"/>
        <method signature="TC002_Login_Test.Login_test()[pri:0, instance:testCases.TC002_Login_Test@4b7e96a]" name="Login_test" class="testCases.TC002_Login_Test"/>
        <method signature="TC002_Login_Test.Verifying_PageTitle_test()[pri:0, instance:testCases.TC002_Login_Test@4b7e96a]" name="Verifying_PageTitle_test" class="testCases.TC002_Login_Test"/>
        <method signature="TC004_Search_Products_Test.SearchTest()[pri:0, instance:testCases.TC004_Search_Products_Test@6475472c]" name="SearchTest" class="testCases.TC004_Search_Products_Test"/>
        <method signature="TC005_Add_to_Cart_Test.Add_to_Cart()[pri:0, instance:testCases.TC005_Add_to_Cart_Test@3f07b12c]" name="Add_to_Cart" class="testCases.TC005_Add_to_Cart_Test"/>
        <method signature="TC007_Modifying_Cart_Test.Modifying_Cart_Test()[pri:0, instance:testCases.TC007_Modifying_Cart_Test@4bd1f8dd]" name="Modifying_Cart_Test" class="testCases.TC007_Modifying_Cart_Test"/>
        <method signature="TC001_AccountRegTest.Account_reg()[pri:0, instance:testCases.TC001_AccountRegTest@3542162a]" name="Account_reg" class="testCases.TC001_AccountRegTest"/>
        <method signature="TC002_Login_Test.Login_test()[pri:0, instance:testCases.TC002_Login_Test@698122b2]" name="Login_test" class="testCases.TC002_Login_Test"/>
        <method signature="TC002_Login_Test.Verifying_PageTitle_test()[pri:0, instance:testCases.TC002_Login_Test@698122b2]" name="Verifying_PageTitle_test" class="testCases.TC002_Login_Test"/>
        <method signature="TC004_Search_Products_Test.SearchTest()[pri:0, instance:testCases.TC004_Search_Products_Test@1e7aa82b]" name="SearchTest" class="testCases.TC004_Search_Products_Test"/>
        <method signature="TC005_Add_to_Cart_Test.Add_to_Cart()[pri:0, instance:testCases.TC005_Add_to_Cart_Test@3b2c0e88]" name="Add_to_Cart" class="testCases.TC005_Add_to_Cart_Test"/>
        <method signature="TC007_Modifying_Cart_Test.Modifying_Cart_Test()[pri:0, instance:testCases.TC007_Modifying_Cart_Test@5bd82fed]" name="Modifying_Cart_Test" class="testCases.TC007_Modifying_Cart_Test"/>
      </group> <!-- Master -->
      <group name="Sanity">
        <method signature="TC001_AccountRegTest.Account_reg()[pri:0, instance:testCases.TC001_AccountRegTest@53dacd14]" name="Account_reg" class="testCases.TC001_AccountRegTest"/>
        <method signature="TC002_Login_Test.Verifying_PageTitle_test()[pri:0, instance:testCases.TC002_Login_Test@4b7e96a]" name="Verifying_PageTitle_test" class="testCases.TC002_Login_Test"/>
        <method signature="TC004_Search_Products_Test.SearchTest()[pri:0, instance:testCases.TC004_Search_Products_Test@6475472c]" name="SearchTest" class="testCases.TC004_Search_Products_Test"/>
        <method signature="TC001_AccountRegTest.Account_reg()[pri:0, instance:testCases.TC001_AccountRegTest@3542162a]" name="Account_reg" class="testCases.TC001_AccountRegTest"/>
        <method signature="TC002_Login_Test.Verifying_PageTitle_test()[pri:0, instance:testCases.TC002_Login_Test@698122b2]" name="Verifying_PageTitle_test" class="testCases.TC002_Login_Test"/>
        <method signature="TC004_Search_Products_Test.SearchTest()[pri:0, instance:testCases.TC004_Search_Products_Test@1e7aa82b]" name="SearchTest" class="testCases.TC004_Search_Products_Test"/>
      </group> <!-- Sanity -->
      <group name="DDT">
        <method signature="TC003_login_DDT.Verify_Login_DDT(java.lang.String,java.lang.String,java.lang.String)[pri:0, instance:testCases.TC003_login_DDT@4212a0c8]" name="Verify_Login_DDT" class="testCases.TC003_login_DDT"/>
      </group> <!-- DDT -->
      <group name="Regression">
        <method signature="TC002_Login_Test.Login_test()[pri:0, instance:testCases.TC002_Login_Test@4b7e96a]" name="Login_test" class="testCases.TC002_Login_Test"/>
        <method signature="TC005_Add_to_Cart_Test.Add_to_Cart()[pri:0, instance:testCases.TC005_Add_to_Cart_Test@3f07b12c]" name="Add_to_Cart" class="testCases.TC005_Add_to_Cart_Test"/>
        <method signature="TC007_Modifying_Cart_Test.Modifying_Cart_Test()[pri:0, instance:testCases.TC007_Modifying_Cart_Test@4bd1f8dd]" name="Modifying_Cart_Test" class="testCases.TC007_Modifying_Cart_Test"/>
        <method signature="TC002_Login_Test.Login_test()[pri:0, instance:testCases.TC002_Login_Test@698122b2]" name="Login_test" class="testCases.TC002_Login_Test"/>
        <method signature="TC005_Add_to_Cart_Test.Add_to_Cart()[pri:0, instance:testCases.TC005_Add_to_Cart_Test@3b2c0e88]" name="Add_to_Cart" class="testCases.TC005_Add_to_Cart_Test"/>
        <method signature="TC007_Modifying_Cart_Test.Modifying_Cart_Test()[pri:0, instance:testCases.TC007_Modifying_Cart_Test@5bd82fed]" name="Modifying_Cart_Test" class="testCases.TC007_Modifying_Cart_Test"/>
      </group> <!-- Regression -->
    </groups>
    <test started-at="2025-01-22T12:00:14 IST" name="Linux-ChromeTest" finished-at="2025-01-22T12:01:07 IST" duration-ms="52557">
      <class name="testCases.TC005_Add_to_Cart_Test">
        <test-method is-config="true" signature="SetUp(java.lang.String,java.lang.String)[pri:0, instance:testCases.TC005_Add_to_Cart_Test@3f07b12c]" started-at="2025-01-22T12:00:47 IST" name="SetUp" finished-at="2025-01-22T12:00:52 IST" duration-ms="4597" status="PASS">
          <params>
            <param index="0">
              <value>
                <![CDATA[Linux]]>
              </value>
            </param>
            <param index="1">
              <value>
                <![CDATA[chrome]]>
              </value>
            </param>
          </params>
          <reporter-output>
          </reporter-output>
        </test-method> <!-- SetUp -->
        <test-method signature="Add_to_Cart()[pri:0, instance:testCases.TC005_Add_to_Cart_Test@3f07b12c]" started-at="2025-01-22T12:00:52 IST" name="Add_to_Cart" finished-at="2025-01-22T12:00:54 IST" duration-ms="2543" status="PASS">
          <reporter-output>
          </reporter-output>
        </test-method> <!-- Add_to_Cart -->
        <test-method is-config="true" signature="TearDown()[pri:0, instance:testCases.TC005_Add_to_Cart_Test@3f07b12c]" started-at="2025-01-22T12:00:54 IST" name="TearDown" finished-at="2025-01-22T12:00:55 IST" duration-ms="305" status="PASS">
          <reporter-output>
          </reporter-output>
        </test-method> <!-- TearDown -->
      </class> <!-- testCases.TC005_Add_to_Cart_Test -->
      <class name="testCases.TC004_Search_Products_Test">
        <test-method is-config="true" signature="SetUp(java.lang.String,java.lang.String)[pri:0, instance:testCases.TC004_Search_Products_Test@6475472c]" started-at="2025-01-22T12:00:40 IST" name="SetUp" finished-at="2025-01-22T12:00:45 IST" duration-ms="4821" status="PASS">
          <params>
            <param index="0">
              <value>
                <![CDATA[Linux]]>
              </value>
            </param>
            <param index="1">
              <value>
                <![CDATA[chrome]]>
              </value>
            </param>
          </params>
          <reporter-output>
          </reporter-output>
        </test-method> <!-- SetUp -->
        <test-method signature="SearchTest()[pri:0, instance:testCases.TC004_Search_Products_Test@6475472c]" started-at="2025-01-22T12:00:45 IST" name="SearchTest" finished-at="2025-01-22T12:00:47 IST" duration-ms="2459" status="PASS">
          <reporter-output>
          </reporter-output>
        </test-method> <!-- SearchTest -->
        <test-method is-config="true" signature="TearDown()[pri:0, instance:testCases.TC004_Search_Products_Test@6475472c]" started-at="2025-01-22T12:00:47 IST" name="TearDown" finished-at="2025-01-22T12:00:47 IST" duration-ms="317" status="PASS">
          <reporter-output>
          </reporter-output>
        </test-method> <!-- TearDown -->
      </class> <!-- testCases.TC004_Search_Products_Test -->
      <class name="testCases.TC007_Modifying_Cart_Test">
        <test-method is-config="true" signature="SetUp(java.lang.String,java.lang.String)[pri:0, instance:testCases.TC007_Modifying_Cart_Test@4bd1f8dd]" started-at="2025-01-22T12:00:55 IST" name="SetUp" finished-at="2025-01-22T12:01:00 IST" duration-ms="4988" status="PASS">
          <params>
            <param index="0">
              <value>
                <![CDATA[Linux]]>
              </value>
            </param>
            <param index="1">
              <value>
                <![CDATA[chrome]]>
              </value>
            </param>
          </params>
          <reporter-output>
          </reporter-output>
        </test-method> <!-- SetUp -->
        <test-method signature="Modifying_Cart_Test()[pri:0, instance:testCases.TC007_Modifying_Cart_Test@4bd1f8dd]" started-at="2025-01-22T12:01:00 IST" name="Modifying_Cart_Test" finished-at="2025-01-22T12:01:07 IST" duration-ms="6872" status="PASS">
          <reporter-output>
          </reporter-output>
        </test-method> <!-- Modifying_Cart_Test -->
        <test-method is-config="true" signature="TearDown()[pri:0, instance:testCases.TC007_Modifying_Cart_Test@4bd1f8dd]" started-at="2025-01-22T12:01:07 IST" name="TearDown" finished-at="2025-01-22T12:01:07 IST" duration-ms="313" status="PASS">
          <reporter-output>
          </reporter-output>
        </test-method> <!-- TearDown -->
      </class> <!-- testCases.TC007_Modifying_Cart_Test -->
      <class name="testCases.TC001_AccountRegTest">
        <test-method is-config="true" signature="SetUp(java.lang.String,java.lang.String)[pri:0, instance:testCases.TC001_AccountRegTest@53dacd14]" started-at="2025-01-22T12:00:15 IST" name="SetUp" finished-at="2025-01-22T12:00:20 IST" duration-ms="5194" status="PASS">
          <params>
            <param index="0">
              <value>
                <![CDATA[Linux]]>
              </value>
            </param>
            <param index="1">
              <value>
                <![CDATA[chrome]]>
              </value>
            </param>
          </params>
          <reporter-output>
          </reporter-output>
        </test-method> <!-- SetUp -->
        <test-method signature="Account_reg()[pri:0, instance:testCases.TC001_AccountRegTest@53dacd14]" started-at="2025-01-22T12:00:20 IST" name="Account_reg" finished-at="2025-01-22T12:00:28 IST" duration-ms="8161" status="PASS">
          <reporter-output>
          </reporter-output>
        </test-method> <!-- Account_reg -->
        <test-method is-config="true" signature="TearDown()[pri:0, instance:testCases.TC001_AccountRegTest@53dacd14]" started-at="2025-01-22T12:00:28 IST" name="TearDown" finished-at="2025-01-22T12:00:28 IST" duration-ms="322" status="PASS">
          <reporter-output>
          </reporter-output>
        </test-method> <!-- TearDown -->
      </class> <!-- testCases.TC001_AccountRegTest -->
      <class name="testCases.TC002_Login_Test">
        <test-method is-config="true" signature="SetUp(java.lang.String,java.lang.String)[pri:0, instance:testCases.TC002_Login_Test@4b7e96a]" started-at="2025-01-22T12:00:28 IST" name="SetUp" finished-at="2025-01-22T12:00:33 IST" duration-ms="4530" status="PASS">
          <params>
            <param index="0">
              <value>
                <![CDATA[Linux]]>
              </value>
            </param>
            <param index="1">
              <value>
                <![CDATA[chrome]]>
              </value>
            </param>
          </params>
          <reporter-output>
          </reporter-output>
        </test-method> <!-- SetUp -->
        <test-method signature="Login_test()[pri:0, instance:testCases.TC002_Login_Test@4b7e96a]" started-at="2025-01-22T12:00:33 IST" name="Login_test" finished-at="2025-01-22T12:00:39 IST" duration-ms="6015" status="PASS">
          <reporter-output>
          </reporter-output>
        </test-method> <!-- Login_test -->
        <test-method signature="Verifying_PageTitle_test()[pri:0, instance:testCases.TC002_Login_Test@4b7e96a]" started-at="2025-01-22T12:00:39 IST" name="Verifying_PageTitle_test" finished-at="2025-01-22T12:00:39 IST" duration-ms="502" status="PASS">
          <reporter-output>
          </reporter-output>
        </test-method> <!-- Verifying_PageTitle_test -->
        <test-method is-config="true" signature="TearDown()[pri:0, instance:testCases.TC002_Login_Test@4b7e96a]" started-at="2025-01-22T12:00:39 IST" name="TearDown" finished-at="2025-01-22T12:00:40 IST" duration-ms="319" status="PASS">
          <reporter-output>
          </reporter-output>
        </test-method> <!-- TearDown -->
      </class> <!-- testCases.TC002_Login_Test -->
    </test> <!-- Linux-ChromeTest -->
    <test started-at="2025-01-22T12:01:08 IST" name="Linux-firefoxTest" finished-at="2025-01-22T12:03:55 IST" duration-ms="166932">
      <class name="testCases.TC005_Add_to_Cart_Test">
        <test-method is-config="true" signature="SetUp(java.lang.String,java.lang.String)[pri:0, instance:testCases.TC005_Add_to_Cart_Test@3b2c0e88]" started-at="2025-01-22T12:03:30 IST" name="SetUp" finished-at="2025-01-22T12:03:36 IST" duration-ms="6415" status="PASS">
          <params>
            <param index="0">
              <value>
                <![CDATA[Linux]]>
              </value>
            </param>
            <param index="1">
              <value>
                <![CDATA[firefox]]>
              </value>
            </param>
          </params>
          <reporter-output>
          </reporter-output>
        </test-method> <!-- SetUp -->
        <test-method signature="Add_to_Cart()[pri:0, instance:testCases.TC005_Add_to_Cart_Test@3b2c0e88]" started-at="2025-01-22T12:03:36 IST" name="Add_to_Cart" finished-at="2025-01-22T12:03:39 IST" duration-ms="2603" status="PASS">
          <reporter-output>
          </reporter-output>
        </test-method> <!-- Add_to_Cart -->
        <test-method is-config="true" signature="TearDown()[pri:0, instance:testCases.TC005_Add_to_Cart_Test@3b2c0e88]" started-at="2025-01-22T12:03:39 IST" name="TearDown" finished-at="2025-01-22T12:03:40 IST" duration-ms="1082" status="PASS">
          <reporter-output>
          </reporter-output>
        </test-method> <!-- TearDown -->
      </class> <!-- testCases.TC005_Add_to_Cart_Test -->
      <class name="testCases.TC004_Search_Products_Test">
        <test-method is-config="true" signature="SetUp(java.lang.String,java.lang.String)[pri:0, instance:testCases.TC004_Search_Products_Test@1e7aa82b]" started-at="2025-01-22T12:03:20 IST" name="SetUp" finished-at="2025-01-22T12:03:26 IST" duration-ms="6282" status="PASS">
          <params>
            <param index="0">
              <value>
                <![CDATA[Linux]]>
              </value>
            </param>
            <param index="1">
              <value>
                <![CDATA[firefox]]>
              </value>
            </param>
          </params>
          <reporter-output>
          </reporter-output>
        </test-method> <!-- SetUp -->
        <test-method signature="SearchTest()[pri:0, instance:testCases.TC004_Search_Products_Test@1e7aa82b]" started-at="2025-01-22T12:03:26 IST" name="SearchTest" finished-at="2025-01-22T12:03:29 IST" duration-ms="2369" status="PASS">
          <reporter-output>
          </reporter-output>
        </test-method> <!-- SearchTest -->
        <test-method is-config="true" signature="TearDown()[pri:0, instance:testCases.TC004_Search_Products_Test@1e7aa82b]" started-at="2025-01-22T12:03:29 IST" name="TearDown" finished-at="2025-01-22T12:03:30 IST" duration-ms="1108" status="PASS">
          <reporter-output>
          </reporter-output>
        </test-method> <!-- TearDown -->
      </class> <!-- testCases.TC004_Search_Products_Test -->
      <class name="testCases.TC007_Modifying_Cart_Test">
        <test-method is-config="true" signature="SetUp(java.lang.String,java.lang.String)[pri:0, instance:testCases.TC007_Modifying_Cart_Test@5bd82fed]" started-at="2025-01-22T12:03:40 IST" name="SetUp" finished-at="2025-01-22T12:03:47 IST" duration-ms="6837" status="PASS">
          <params>
            <param index="0">
              <value>
                <![CDATA[Linux]]>
              </value>
            </param>
            <param index="1">
              <value>
                <![CDATA[firefox]]>
              </value>
            </param>
          </params>
          <reporter-output>
          </reporter-output>
        </test-method> <!-- SetUp -->
        <test-method signature="Modifying_Cart_Test()[pri:0, instance:testCases.TC007_Modifying_Cart_Test@5bd82fed]" started-at="2025-01-22T12:03:47 IST" name="Modifying_Cart_Test" finished-at="2025-01-22T12:03:54 IST" duration-ms="6774" status="PASS">
          <reporter-output>
          </reporter-output>
        </test-method> <!-- Modifying_Cart_Test -->
        <test-method is-config="true" signature="TearDown()[pri:0, instance:testCases.TC007_Modifying_Cart_Test@5bd82fed]" started-at="2025-01-22T12:03:54 IST" name="TearDown" finished-at="2025-01-22T12:03:55 IST" duration-ms="976" status="PASS">
          <reporter-output>
          </reporter-output>
        </test-method> <!-- TearDown -->
      </class> <!-- testCases.TC007_Modifying_Cart_Test -->
      <class name="testCases.TC003_login_DDT">
        <test-method is-config="true" signature="SetUp(java.lang.String,java.lang.String)[pri:0, instance:testCases.TC003_login_DDT@4212a0c8]" started-at="2025-01-22T12:01:37 IST" name="SetUp" finished-at="2025-01-22T12:01:43 IST" duration-ms="6220" status="PASS">
          <params>
            <param index="0">
              <value>
                <![CDATA[Linux]]>
              </value>
            </param>
            <param index="1">
              <value>
                <![CDATA[firefox]]>
              </value>
            </param>
          </params>
          <reporter-output>
          </reporter-output>
        </test-method> <!-- SetUp -->
        <test-method signature="Verify_Login_DDT(java.lang.String,java.lang.String,java.lang.String)[pri:0, instance:testCases.TC003_login_DDT@4212a0c8]" started-at="2025-01-22T12:01:44 IST" name="Verify_Login_DDT" data-provider="LoginData" finished-at="2025-01-22T12:01:58 IST" duration-ms="13893" status="FAIL">
          <params>
            <param index="0">
              <value>
                <![CDATA[pavanoltraining@gmail.com]]>
              </value>
            </param>
            <param index="1">
              <value>
                <![CDATA[test@123]]>
              </value>
            </param>
            <param index="2">
              <value>
                <![CDATA[Valid]]>
              </value>
            </param>
          </params>
          <exception class="java.lang.AssertionError">
            <message>
              <![CDATA[expected [true] but found [false]]]>
            </message>
            <full-stacktrace>
              <![CDATA[java.lang.AssertionError: expected [true] but found [false]
at org.testng.Assert.fail(Assert.java:111)
at org.testng.Assert.failNotEquals(Assert.java:1578)
at org.testng.Assert.assertTrue(Assert.java:57)
at org.testng.Assert.assertTrue(Assert.java:67)
at testCases.TC003_login_DDT.Verify_Login_DDT(TC003_login_DDT.java:50)
at java.base/jdk.internal.reflect.DirectMethodHandleAccessor.invoke(DirectMethodHandleAccessor.java:103)
at java.base/java.lang.reflect.Method.invoke(Method.java:580)
at org.testng.internal.invokers.MethodInvocationHelper.invokeMethod(MethodInvocationHelper.java:139)
at org.testng.internal.invokers.TestInvoker.invokeMethod(TestInvoker.java:664)
at org.testng.internal.invokers.TestInvoker.invokeTestMethod(TestInvoker.java:227)
at org.testng.internal.invokers.MethodRunner.runInSequence(MethodRunner.java:50)
at org.testng.internal.invokers.TestInvoker$MethodInvocationAgent.invoke(TestInvoker.java:957)
at org.testng.internal.invokers.TestInvoker.invokeTestMethods(TestInvoker.java:200)
at org.testng.internal.invokers.TestMethodWorker.invokeTestMethods(TestMethodWorker.java:148)
at org.testng.internal.invokers.TestMethodWorker.run(TestMethodWorker.java:128)
at java.base/java.util.ArrayList.forEach(ArrayList.java:1596)
at org.testng.TestRunner.privateRun(TestRunner.java:848)
at org.testng.TestRunner.run(TestRunner.java:621)
at org.testng.SuiteRunner.runTest(SuiteRunner.java:443)
at org.testng.SuiteRunner.runSequentially(SuiteRunner.java:437)
at org.testng.SuiteRunner.privateRun(SuiteRunner.java:397)
at org.testng.SuiteRunner.run(SuiteRunner.java:336)
at org.testng.SuiteRunnerWorker.runSuite(SuiteRunnerWorker.java:52)
at org.testng.SuiteRunnerWorker.run(SuiteRunnerWorker.java:95)
at org.testng.TestNG.runSuitesSequentially(TestNG.java:1280)
at org.testng.TestNG.runSuitesLocally(TestNG.java:1200)
at org.testng.TestNG.runSuites(TestNG.java:1114)
at org.testng.TestNG.run(TestNG.java:1082)
at org.testng.remote.AbstractRemoteTestNG.run(AbstractRemoteTestNG.java:115)
at org.testng.remote.RemoteTestNG.initAndRun(RemoteTestNG.java:293)
at org.testng.remote.RemoteTestNG.main(RemoteTestNG.java:91)
]]>
            </full-stacktrace>
          </exception> <!-- java.lang.AssertionError -->
          <reporter-output>
          </reporter-output>
        </test-method> <!-- Verify_Login_DDT -->
        <test-method signature="Verify_Login_DDT(java.lang.String,java.lang.String,java.lang.String)[pri:0, instance:testCases.TC003_login_DDT@4212a0c8]" started-at="2025-01-22T12:01:59 IST" name="Verify_Login_DDT" data-provider="LoginData" finished-at="2025-01-22T12:02:23 IST" duration-ms="24021" status="FAIL">
          <params>
            <param index="0">
              <value>
                <![CDATA[lakshmi@gmail.com]]>
              </value>
            </param>
            <param index="1">
              <value>
                <![CDATA[Laxshmi]]>
              </value>
            </param>
            <param index="2">
              <value>
                <![CDATA[invalid]]>
              </value>
            </param>
          </params>
          <exception class="org.openqa.selenium.NoSuchElementException">
            <message>
              <![CDATA[Unable to locate element: //a[@class='list-group-item'][normalize-space()='Logout']
For documentation on this error, please visit: https://www.selenium.dev/documentation/webdriver/troubleshooting/errors#no-such-element-exception
Build info: version: '4.20.0', revision: '866c76ca80'
System info: os.name: 'Windows 11', os.arch: 'amd64', os.version: '10.0', java.version: '21.0.5'
Driver info: org.openqa.selenium.remote.RemoteWebDriver
Command: [865f1550-0c2f-4cad-ad01-ed280dc2cd4d, findElement {value=//a[@class='list-group-item'][normalize-space()='Logout'], using=xpath}]
Capabilities {acceptInsecureCerts: false, browserName: firefox, browserVersion: 134.0.2, moz:accessibilityChecks: false, moz:buildID: 20250120135430, moz:geckodriverVersion: 0.35.0, moz:headless: false, moz:platformVersion: 6.8.0-1021-aws, moz:processID: 8144, moz:profile: /tmp/rust_mozprofileeqmiXL, moz:shutdownTimeout: 60000, moz:webdriverClick: true, moz:windowless: false, pageLoadStrategy: normal, platformName: linux, proxy: Proxy(), se:bidiEnabled: false, se:cdp: ws://172.18.0.4:4444/sessio..., se:containerName: , se:noVncPort: 7900, se:vnc: ws://172.18.0.4:4444/sessio..., se:vncEnabled: true, se:vncLocalAddress: ws://172.18.0.4:7900, setWindowRect: true, strictFileInteractability: false, timeouts: {implicit: 0, pageLoad: 300000, script: 30000}, unhandledPromptBehavior: dismiss and notify, userAgent: Mozilla/5.0 (X11; Linux x86...}
Session ID: 865f1550-0c2f-4cad-ad01-ed280dc2cd4d]]>
            </message>
            <full-stacktrace>
              <![CDATA[org.openqa.selenium.NoSuchElementException: Unable to locate element: //a[@class='list-group-item'][normalize-space()='Logout']
For documentation on this error, please visit: https://www.selenium.dev/documentation/webdriver/troubleshooting/errors#no-such-element-exception
Build info: version: '4.20.0', revision: '866c76ca80'
System info: os.name: 'Windows 11', os.arch: 'amd64', os.version: '10.0', java.version: '21.0.5'
Driver info: org.openqa.selenium.remote.RemoteWebDriver
Command: [865f1550-0c2f-4cad-ad01-ed280dc2cd4d, findElement {value=//a[@class='list-group-item'][normalize-space()='Logout'], using=xpath}]
Capabilities {acceptInsecureCerts: false, browserName: firefox, browserVersion: 134.0.2, moz:accessibilityChecks: false, moz:buildID: 20250120135430, moz:geckodriverVersion: 0.35.0, moz:headless: false, moz:platformVersion: 6.8.0-1021-aws, moz:processID: 8144, moz:profile: /tmp/rust_mozprofileeqmiXL, moz:shutdownTimeout: 60000, moz:webdriverClick: true, moz:windowless: false, pageLoadStrategy: normal, platformName: linux, proxy: Proxy(), se:bidiEnabled: false, se:cdp: ws://172.18.0.4:4444/sessio..., se:containerName: , se:noVncPort: 7900, se:vnc: ws://172.18.0.4:4444/sessio..., se:vncEnabled: true, se:vncLocalAddress: ws://172.18.0.4:7900, setWindowRect: true, strictFileInteractability: false, timeouts: {implicit: 0, pageLoad: 300000, script: 30000}, unhandledPromptBehavior: dismiss and notify, userAgent: Mozilla/5.0 (X11; Linux x86...}
Session ID: 865f1550-0c2f-4cad-ad01-ed280dc2cd4d
at java.base/jdk.internal.reflect.DirectConstructorHandleAccessor.newInstance(DirectConstructorHandleAccessor.java:62)
at java.base/java.lang.reflect.Constructor.newInstanceWithCaller(Constructor.java:502)
at java.base/java.lang.reflect.Constructor.newInstance(Constructor.java:486)
at org.openqa.selenium.remote.ErrorCodec.decode(ErrorCodec.java:167)
at org.openqa.selenium.remote.codec.w3c.W3CHttpResponseCodec.decode(W3CHttpResponseCodec.java:138)
at org.openqa.selenium.remote.codec.w3c.W3CHttpResponseCodec.decode(W3CHttpResponseCodec.java:50)
at org.openqa.selenium.remote.HttpCommandExecutor.execute(HttpCommandExecutor.java:190)
at org.openqa.selenium.remote.TracedCommandExecutor.execute(TracedCommandExecutor.java:51)
at org.openqa.selenium.remote.RemoteWebDriver.execute(RemoteWebDriver.java:518)
at org.openqa.selenium.remote.ElementLocation$ElementFinder$2.findElement(ElementLocation.java:165)
at org.openqa.selenium.remote.ElementLocation.findElement(ElementLocation.java:59)
at org.openqa.selenium.remote.RemoteWebDriver.findElement(RemoteWebDriver.java:355)
at org.openqa.selenium.remote.RemoteWebDriver.findElement(RemoteWebDriver.java:349)
at org.openqa.selenium.support.pagefactory.DefaultElementLocator.findElement(DefaultElementLocator.java:68)
at org.openqa.selenium.support.pagefactory.internal.LocatingElementHandler.invoke(LocatingElementHandler.java:38)
at jdk.proxy2/jdk.proxy2.$Proxy30.click(Unknown Source)
at pageObjects.MyAccount_Page.ClickOnLogoutbtn(MyAccount_Page.java:35)
at testCases.TC003_login_DDT.Verify_Login_DDT(TC003_login_DDT.java:56)
at java.base/jdk.internal.reflect.DirectMethodHandleAccessor.invoke(DirectMethodHandleAccessor.java:103)
at java.base/java.lang.reflect.Method.invoke(Method.java:580)
at org.testng.internal.invokers.MethodInvocationHelper.invokeMethod(MethodInvocationHelper.java:139)
at org.testng.internal.invokers.TestInvoker.invokeMethod(TestInvoker.java:664)
at org.testng.internal.invokers.TestInvoker.invokeTestMethod(TestInvoker.java:227)
at org.testng.internal.invokers.MethodRunner.runInSequence(MethodRunner.java:50)
at org.testng.internal.invokers.TestInvoker$MethodInvocationAgent.invoke(TestInvoker.java:957)
at org.testng.internal.invokers.TestInvoker.invokeTestMethods(TestInvoker.java:200)
at org.testng.internal.invokers.TestMethodWorker.invokeTestMethods(TestMethodWorker.java:148)
at org.testng.internal.invokers.TestMethodWorker.run(TestMethodWorker.java:128)
at java.base/java.util.ArrayList.forEach(ArrayList.java:1596)
at org.testng.TestRunner.privateRun(TestRunner.java:848)
at org.testng.TestRunner.run(TestRunner.java:621)
at org.testng.SuiteRunner.runTest(SuiteRunner.java:443)
at org.testng.SuiteRunner.runSequentially(SuiteRunner.java:437)
at org.testng.SuiteRunner.privateRun(SuiteRunner.java:397)
at org.testng.SuiteRunner.run(SuiteRunner.java:336)
at org.testng.SuiteRunnerWorker.runSuite(SuiteRunnerWorker.java:52)
at org.testng.SuiteRunnerWorker.run(SuiteRunnerWorker.java:95)
at org.testng.TestNG.runSuitesSequentially(TestNG.java:1280)
at org.testng.TestNG.runSuitesLocally(TestNG.java:1200)
at org.testng.TestNG.runSuites(TestNG.java:1114)
at org.testng.TestNG.run(TestNG.java:1082)
at org.testng.remote.AbstractRemoteTestNG.run(AbstractRemoteTestNG.java:115)
at org.testng.remote.RemoteTestNG.initAndRun(RemoteTestNG.java:293)
at org.testng.remote.RemoteTestNG.main(RemoteTestNG.java:91)
]]>
            </full-stacktrace>
          </exception> <!-- org.openqa.selenium.NoSuchElementException -->
          <reporter-output>
          </reporter-output>
        </test-method> <!-- Verify_Login_DDT -->
        <test-method signature="Verify_Login_DDT(java.lang.String,java.lang.String,java.lang.String)[pri:0, instance:testCases.TC003_login_DDT@4212a0c8]" started-at="2025-01-22T12:02:24 IST" name="Verify_Login_DDT" data-provider="LoginData" finished-at="2025-01-22T12:02:48 IST" duration-ms="23988" status="FAIL">
          <params>
            <param index="0">
              <value>
                <![CDATA[gowthamuppala@gmail.com]]>
              </value>
            </param>
            <param index="1">
              <value>
                <![CDATA[gowtham]]>
              </value>
            </param>
            <param index="2">
              <value>
                <![CDATA[invalid]]>
              </value>
            </param>
          </params>
          <exception class="org.openqa.selenium.NoSuchElementException">
            <message>
              <![CDATA[Unable to locate element: //a[@class='list-group-item'][normalize-space()='Logout']
For documentation on this error, please visit: https://www.selenium.dev/documentation/webdriver/troubleshooting/errors#no-such-element-exception
Build info: version: '4.20.0', revision: '866c76ca80'
System info: os.name: 'Windows 11', os.arch: 'amd64', os.version: '10.0', java.version: '21.0.5'
Driver info: org.openqa.selenium.remote.RemoteWebDriver
Command: [865f1550-0c2f-4cad-ad01-ed280dc2cd4d, findElement {value=//a[@class='list-group-item'][normalize-space()='Logout'], using=xpath}]
Capabilities {acceptInsecureCerts: false, browserName: firefox, browserVersion: 134.0.2, moz:accessibilityChecks: false, moz:buildID: 20250120135430, moz:geckodriverVersion: 0.35.0, moz:headless: false, moz:platformVersion: 6.8.0-1021-aws, moz:processID: 8144, moz:profile: /tmp/rust_mozprofileeqmiXL, moz:shutdownTimeout: 60000, moz:webdriverClick: true, moz:windowless: false, pageLoadStrategy: normal, platformName: linux, proxy: Proxy(), se:bidiEnabled: false, se:cdp: ws://172.18.0.4:4444/sessio..., se:containerName: , se:noVncPort: 7900, se:vnc: ws://172.18.0.4:4444/sessio..., se:vncEnabled: true, se:vncLocalAddress: ws://172.18.0.4:7900, setWindowRect: true, strictFileInteractability: false, timeouts: {implicit: 0, pageLoad: 300000, script: 30000}, unhandledPromptBehavior: dismiss and notify, userAgent: Mozilla/5.0 (X11; Linux x86...}
Session ID: 865f1550-0c2f-4cad-ad01-ed280dc2cd4d]]>
            </message>
            <full-stacktrace>
              <![CDATA[org.openqa.selenium.NoSuchElementException: Unable to locate element: //a[@class='list-group-item'][normalize-space()='Logout']
For documentation on this error, please visit: https://www.selenium.dev/documentation/webdriver/troubleshooting/errors#no-such-element-exception
Build info: version: '4.20.0', revision: '866c76ca80'
System info: os.name: 'Windows 11', os.arch: 'amd64', os.version: '10.0', java.version: '21.0.5'
Driver info: org.openqa.selenium.remote.RemoteWebDriver
Command: [865f1550-0c2f-4cad-ad01-ed280dc2cd4d, findElement {value=//a[@class='list-group-item'][normalize-space()='Logout'], using=xpath}]
Capabilities {acceptInsecureCerts: false, browserName: firefox, browserVersion: 134.0.2, moz:accessibilityChecks: false, moz:buildID: 20250120135430, moz:geckodriverVersion: 0.35.0, moz:headless: false, moz:platformVersion: 6.8.0-1021-aws, moz:processID: 8144, moz:profile: /tmp/rust_mozprofileeqmiXL, moz:shutdownTimeout: 60000, moz:webdriverClick: true, moz:windowless: false, pageLoadStrategy: normal, platformName: linux, proxy: Proxy(), se:bidiEnabled: false, se:cdp: ws://172.18.0.4:4444/sessio..., se:containerName: , se:noVncPort: 7900, se:vnc: ws://172.18.0.4:4444/sessio..., se:vncEnabled: true, se:vncLocalAddress: ws://172.18.0.4:7900, setWindowRect: true, strictFileInteractability: false, timeouts: {implicit: 0, pageLoad: 300000, script: 30000}, unhandledPromptBehavior: dismiss and notify, userAgent: Mozilla/5.0 (X11; Linux x86...}
Session ID: 865f1550-0c2f-4cad-ad01-ed280dc2cd4d
at java.base/jdk.internal.reflect.DirectConstructorHandleAccessor.newInstance(DirectConstructorHandleAccessor.java:62)
at java.base/java.lang.reflect.Constructor.newInstanceWithCaller(Constructor.java:502)
at java.base/java.lang.reflect.Constructor.newInstance(Constructor.java:486)
at org.openqa.selenium.remote.ErrorCodec.decode(ErrorCodec.java:167)
at org.openqa.selenium.remote.codec.w3c.W3CHttpResponseCodec.decode(W3CHttpResponseCodec.java:138)
at org.openqa.selenium.remote.codec.w3c.W3CHttpResponseCodec.decode(W3CHttpResponseCodec.java:50)
at org.openqa.selenium.remote.HttpCommandExecutor.execute(HttpCommandExecutor.java:190)
at org.openqa.selenium.remote.TracedCommandExecutor.execute(TracedCommandExecutor.java:51)
at org.openqa.selenium.remote.RemoteWebDriver.execute(RemoteWebDriver.java:518)
at org.openqa.selenium.remote.ElementLocation$ElementFinder$2.findElement(ElementLocation.java:165)
at org.openqa.selenium.remote.ElementLocation.findElement(ElementLocation.java:59)
at org.openqa.selenium.remote.RemoteWebDriver.findElement(RemoteWebDriver.java:355)
at org.openqa.selenium.remote.RemoteWebDriver.findElement(RemoteWebDriver.java:349)
at org.openqa.selenium.support.pagefactory.DefaultElementLocator.findElement(DefaultElementLocator.java:68)
at org.openqa.selenium.support.pagefactory.internal.LocatingElementHandler.invoke(LocatingElementHandler.java:38)
at jdk.proxy2/jdk.proxy2.$Proxy30.click(Unknown Source)
at pageObjects.MyAccount_Page.ClickOnLogoutbtn(MyAccount_Page.java:35)
at testCases.TC003_login_DDT.Verify_Login_DDT(TC003_login_DDT.java:56)
at java.base/jdk.internal.reflect.DirectMethodHandleAccessor.invoke(DirectMethodHandleAccessor.java:103)
at java.base/java.lang.reflect.Method.invoke(Method.java:580)
at org.testng.internal.invokers.MethodInvocationHelper.invokeMethod(MethodInvocationHelper.java:139)
at org.testng.internal.invokers.TestInvoker.invokeMethod(TestInvoker.java:664)
at org.testng.internal.invokers.TestInvoker.invokeTestMethod(TestInvoker.java:227)
at org.testng.internal.invokers.MethodRunner.runInSequence(MethodRunner.java:50)
at org.testng.internal.invokers.TestInvoker$MethodInvocationAgent.invoke(TestInvoker.java:957)
at org.testng.internal.invokers.TestInvoker.invokeTestMethods(TestInvoker.java:200)
at org.testng.internal.invokers.TestMethodWorker.invokeTestMethods(TestMethodWorker.java:148)
at org.testng.internal.invokers.TestMethodWorker.run(TestMethodWorker.java:128)
at java.base/java.util.ArrayList.forEach(ArrayList.java:1596)
at org.testng.TestRunner.privateRun(TestRunner.java:848)
at org.testng.TestRunner.run(TestRunner.java:621)
at org.testng.SuiteRunner.runTest(SuiteRunner.java:443)
at org.testng.SuiteRunner.runSequentially(SuiteRunner.java:437)
at org.testng.SuiteRunner.privateRun(SuiteRunner.java:397)
at org.testng.SuiteRunner.run(SuiteRunner.java:336)
at org.testng.SuiteRunnerWorker.runSuite(SuiteRunnerWorker.java:52)
at org.testng.SuiteRunnerWorker.run(SuiteRunnerWorker.java:95)
at org.testng.TestNG.runSuitesSequentially(TestNG.java:1280)
at org.testng.TestNG.runSuitesLocally(TestNG.java:1200)
at org.testng.TestNG.runSuites(TestNG.java:1114)
at org.testng.TestNG.run(TestNG.java:1082)
at org.testng.remote.AbstractRemoteTestNG.run(AbstractRemoteTestNG.java:115)
at org.testng.remote.RemoteTestNG.initAndRun(RemoteTestNG.java:293)
at org.testng.remote.RemoteTestNG.main(RemoteTestNG.java:91)
]]>
            </full-stacktrace>
          </exception> <!-- org.openqa.selenium.NoSuchElementException -->
          <reporter-output>
          </reporter-output>
        </test-method> <!-- Verify_Login_DDT -->
        <test-method signature="Verify_Login_DDT(java.lang.String,java.lang.String,java.lang.String)[pri:0, instance:testCases.TC003_login_DDT@4212a0c8]" started-at="2025-01-22T12:02:49 IST" name="Verify_Login_DDT" data-provider="LoginData" finished-at="2025-01-22T12:02:54 IST" duration-ms="5666" status="PASS">
          <params>
            <param index="0">
              <value>
                <![CDATA[abcref123@gmail.com]]>
              </value>
            </param>
            <param index="1">
              <value>
                <![CDATA[abc@123]]>
              </value>
            </param>
            <param index="2">
              <value>
                <![CDATA[valid]]>
              </value>
            </param>
          </params>
          <reporter-output>
          </reporter-output>
        </test-method> <!-- Verify_Login_DDT -->
        <test-method signature="Verify_Login_DDT(java.lang.String,java.lang.String,java.lang.String)[pri:0, instance:testCases.TC003_login_DDT@4212a0c8]" started-at="2025-01-22T12:02:54 IST" name="Verify_Login_DDT" data-provider="LoginData" finished-at="2025-01-22T12:03:18 IST" duration-ms="24033" status="FAIL">
          <params>
            <param index="0">
              <value>
                <![CDATA[gowtham@gmail.com]]>
              </value>
            </param>
            <param index="1">
              <value>
                <![CDATA[xyz]]>
              </value>
            </param>
            <param index="2">
              <value>
                <![CDATA[invalid]]>
              </value>
            </param>
          </params>
          <exception class="org.openqa.selenium.NoSuchElementException">
            <message>
              <![CDATA[Unable to locate element: //a[@class='list-group-item'][normalize-space()='Logout']
For documentation on this error, please visit: https://www.selenium.dev/documentation/webdriver/troubleshooting/errors#no-such-element-exception
Build info: version: '4.20.0', revision: '866c76ca80'
System info: os.name: 'Windows 11', os.arch: 'amd64', os.version: '10.0', java.version: '21.0.5'
Driver info: org.openqa.selenium.remote.RemoteWebDriver
Command: [865f1550-0c2f-4cad-ad01-ed280dc2cd4d, findElement {value=//a[@class='list-group-item'][normalize-space()='Logout'], using=xpath}]
Capabilities {acceptInsecureCerts: false, browserName: firefox, browserVersion: 134.0.2, moz:accessibilityChecks: false, moz:buildID: 20250120135430, moz:geckodriverVersion: 0.35.0, moz:headless: false, moz:platformVersion: 6.8.0-1021-aws, moz:processID: 8144, moz:profile: /tmp/rust_mozprofileeqmiXL, moz:shutdownTimeout: 60000, moz:webdriverClick: true, moz:windowless: false, pageLoadStrategy: normal, platformName: linux, proxy: Proxy(), se:bidiEnabled: false, se:cdp: ws://172.18.0.4:4444/sessio..., se:containerName: , se:noVncPort: 7900, se:vnc: ws://172.18.0.4:4444/sessio..., se:vncEnabled: true, se:vncLocalAddress: ws://172.18.0.4:7900, setWindowRect: true, strictFileInteractability: false, timeouts: {implicit: 0, pageLoad: 300000, script: 30000}, unhandledPromptBehavior: dismiss and notify, userAgent: Mozilla/5.0 (X11; Linux x86...}
Session ID: 865f1550-0c2f-4cad-ad01-ed280dc2cd4d]]>
            </message>
            <full-stacktrace>
              <![CDATA[org.openqa.selenium.NoSuchElementException: Unable to locate element: //a[@class='list-group-item'][normalize-space()='Logout']
For documentation on this error, please visit: https://www.selenium.dev/documentation/webdriver/troubleshooting/errors#no-such-element-exception
Build info: version: '4.20.0', revision: '866c76ca80'
System info: os.name: 'Windows 11', os.arch: 'amd64', os.version: '10.0', java.version: '21.0.5'
Driver info: org.openqa.selenium.remote.RemoteWebDriver
Command: [865f1550-0c2f-4cad-ad01-ed280dc2cd4d, findElement {value=//a[@class='list-group-item'][normalize-space()='Logout'], using=xpath}]
Capabilities {acceptInsecureCerts: false, browserName: firefox, browserVersion: 134.0.2, moz:accessibilityChecks: false, moz:buildID: 20250120135430, moz:geckodriverVersion: 0.35.0, moz:headless: false, moz:platformVersion: 6.8.0-1021-aws, moz:processID: 8144, moz:profile: /tmp/rust_mozprofileeqmiXL, moz:shutdownTimeout: 60000, moz:webdriverClick: true, moz:windowless: false, pageLoadStrategy: normal, platformName: linux, proxy: Proxy(), se:bidiEnabled: false, se:cdp: ws://172.18.0.4:4444/sessio..., se:containerName: , se:noVncPort: 7900, se:vnc: ws://172.18.0.4:4444/sessio..., se:vncEnabled: true, se:vncLocalAddress: ws://172.18.0.4:7900, setWindowRect: true, strictFileInteractability: false, timeouts: {implicit: 0, pageLoad: 300000, script: 30000}, unhandledPromptBehavior: dismiss and notify, userAgent: Mozilla/5.0 (X11; Linux x86...}
Session ID: 865f1550-0c2f-4cad-ad01-ed280dc2cd4d
at java.base/jdk.internal.reflect.DirectConstructorHandleAccessor.newInstance(DirectConstructorHandleAccessor.java:62)
at java.base/java.lang.reflect.Constructor.newInstanceWithCaller(Constructor.java:502)
at java.base/java.lang.reflect.Constructor.newInstance(Constructor.java:486)
at org.openqa.selenium.remote.ErrorCodec.decode(ErrorCodec.java:167)
at org.openqa.selenium.remote.codec.w3c.W3CHttpResponseCodec.decode(W3CHttpResponseCodec.java:138)
at org.openqa.selenium.remote.codec.w3c.W3CHttpResponseCodec.decode(W3CHttpResponseCodec.java:50)
at org.openqa.selenium.remote.HttpCommandExecutor.execute(HttpCommandExecutor.java:190)
at org.openqa.selenium.remote.TracedCommandExecutor.execute(TracedCommandExecutor.java:51)
at org.openqa.selenium.remote.RemoteWebDriver.execute(RemoteWebDriver.java:518)
at org.openqa.selenium.remote.ElementLocation$ElementFinder$2.findElement(ElementLocation.java:165)
at org.openqa.selenium.remote.ElementLocation.findElement(ElementLocation.java:59)
at org.openqa.selenium.remote.RemoteWebDriver.findElement(RemoteWebDriver.java:355)
at org.openqa.selenium.remote.RemoteWebDriver.findElement(RemoteWebDriver.java:349)
at org.openqa.selenium.support.pagefactory.DefaultElementLocator.findElement(DefaultElementLocator.java:68)
at org.openqa.selenium.support.pagefactory.internal.LocatingElementHandler.invoke(LocatingElementHandler.java:38)
at jdk.proxy2/jdk.proxy2.$Proxy30.click(Unknown Source)
at pageObjects.MyAccount_Page.ClickOnLogoutbtn(MyAccount_Page.java:35)
at testCases.TC003_login_DDT.Verify_Login_DDT(TC003_login_DDT.java:56)
at java.base/jdk.internal.reflect.DirectMethodHandleAccessor.invoke(DirectMethodHandleAccessor.java:103)
at java.base/java.lang.reflect.Method.invoke(Method.java:580)
at org.testng.internal.invokers.MethodInvocationHelper.invokeMethod(MethodInvocationHelper.java:139)
at org.testng.internal.invokers.TestInvoker.invokeMethod(TestInvoker.java:664)
at org.testng.internal.invokers.TestInvoker.invokeTestMethod(TestInvoker.java:227)
at org.testng.internal.invokers.MethodRunner.runInSequence(MethodRunner.java:50)
at org.testng.internal.invokers.TestInvoker$MethodInvocationAgent.invoke(TestInvoker.java:957)
at org.testng.internal.invokers.TestInvoker.invokeTestMethods(TestInvoker.java:200)
at org.testng.internal.invokers.TestMethodWorker.invokeTestMethods(TestMethodWorker.java:148)
at org.testng.internal.invokers.TestMethodWorker.run(TestMethodWorker.java:128)
at java.base/java.util.ArrayList.forEach(ArrayList.java:1596)
at org.testng.TestRunner.privateRun(TestRunner.java:848)
at org.testng.TestRunner.run(TestRunner.java:621)
at org.testng.SuiteRunner.runTest(SuiteRunner.java:443)
at org.testng.SuiteRunner.runSequentially(SuiteRunner.java:437)
at org.testng.SuiteRunner.privateRun(SuiteRunner.java:397)
at org.testng.SuiteRunner.run(SuiteRunner.java:336)
at org.testng.SuiteRunnerWorker.runSuite(SuiteRunnerWorker.java:52)
at org.testng.SuiteRunnerWorker.run(SuiteRunnerWorker.java:95)
at org.testng.TestNG.runSuitesSequentially(TestNG.java:1280)
at org.testng.TestNG.runSuitesLocally(TestNG.java:1200)
at org.testng.TestNG.runSuites(TestNG.java:1114)
at org.testng.TestNG.run(TestNG.java:1082)
at org.testng.remote.AbstractRemoteTestNG.run(AbstractRemoteTestNG.java:115)
at org.testng.remote.RemoteTestNG.initAndRun(RemoteTestNG.java:293)
at org.testng.remote.RemoteTestNG.main(RemoteTestNG.java:91)
]]>
            </full-stacktrace>
          </exception> <!-- org.openqa.selenium.NoSuchElementException -->
          <reporter-output>
          </reporter-output>
        </test-method> <!-- Verify_Login_DDT -->
        <test-method is-config="true" signature="TearDown()[pri:0, instance:testCases.TC003_login_DDT@4212a0c8]" started-at="2025-01-22T12:03:19 IST" name="TearDown" finished-at="2025-01-22T12:03:20 IST" duration-ms="979" status="PASS">
          <reporter-output>
          </reporter-output>
        </test-method> <!-- TearDown -->
      </class> <!-- testCases.TC003_login_DDT -->
      <class name="testCases.TC001_AccountRegTest">
        <test-method is-config="true" signature="SetUp(java.lang.String,java.lang.String)[pri:0, instance:testCases.TC001_AccountRegTest@3542162a]" started-at="2025-01-22T12:01:08 IST" name="SetUp" finished-at="2025-01-22T12:01:14 IST" duration-ms="6322" status="PASS">
          <params>
            <param index="0">
              <value>
                <![CDATA[Linux]]>
              </value>
            </param>
            <param index="1">
              <value>
                <![CDATA[firefox]]>
              </value>
            </param>
          </params>
          <reporter-output>
          </reporter-output>
        </test-method> <!-- SetUp -->
        <test-method signature="Account_reg()[pri:0, instance:testCases.TC001_AccountRegTest@3542162a]" started-at="2025-01-22T12:01:14 IST" name="Account_reg" finished-at="2025-01-22T12:01:22 IST" duration-ms="7625" status="PASS">
          <reporter-output>
          </reporter-output>
        </test-method> <!-- Account_reg -->
        <test-method is-config="true" signature="TearDown()[pri:0, instance:testCases.TC001_AccountRegTest@3542162a]" started-at="2025-01-22T12:01:22 IST" name="TearDown" finished-at="2025-01-22T12:01:23 IST" duration-ms="1089" status="PASS">
          <reporter-output>
          </reporter-output>
        </test-method> <!-- TearDown -->
      </class> <!-- testCases.TC001_AccountRegTest -->
      <class name="testCases.TC002_Login_Test">
        <test-method is-config="true" signature="SetUp(java.lang.String,java.lang.String)[pri:0, instance:testCases.TC002_Login_Test@698122b2]" started-at="2025-01-22T12:01:23 IST" name="SetUp" finished-at="2025-01-22T12:01:29 IST" duration-ms="6475" status="PASS">
          <params>
            <param index="0">
              <value>
                <![CDATA[Linux]]>
              </value>
            </param>
            <param index="1">
              <value>
                <![CDATA[firefox]]>
              </value>
            </param>
          </params>
          <reporter-output>
          </reporter-output>
        </test-method> <!-- SetUp -->
        <test-method signature="Login_test()[pri:0, instance:testCases.TC002_Login_Test@698122b2]" started-at="2025-01-22T12:01:29 IST" name="Login_test" finished-at="2025-01-22T12:01:35 IST" duration-ms="5953" status="PASS">
          <reporter-output>
          </reporter-output>
        </test-method> <!-- Login_test -->
        <test-method signature="Verifying_PageTitle_test()[pri:0, instance:testCases.TC002_Login_Test@698122b2]" started-at="2025-01-22T12:01:35 IST" name="Verifying_PageTitle_test" finished-at="2025-01-22T12:01:36 IST" duration-ms="497" status="PASS">
          <reporter-output>
          </reporter-output>
        </test-method> <!-- Verifying_PageTitle_test -->
        <test-method is-config="true" signature="TearDown()[pri:0, instance:testCases.TC002_Login_Test@698122b2]" started-at="2025-01-22T12:01:36 IST" name="TearDown" finished-at="2025-01-22T12:01:37 IST" duration-ms="972" status="PASS">
          <reporter-output>
          </reporter-output>
        </test-method> <!-- TearDown -->
      </class> <!-- testCases.TC002_Login_Test -->
    </test> <!-- Linux-firefoxTest -->
  </suite> <!-- Suite -->
</testng-results>
